::1 - - [03/Jun/2019:09:33:08 +0000] "POST /recoverPassword HTTP/1.1" 404 121 "http://localhost:5000/swagger/" "Mozilla/5.0 (X11; Linux x86_64) AppleWebKit/537.36 (KHTML, like Gecko) Chrome/74.0.3729.157 Safari/537.36"
::1 - - [03/Jun/2019:10:06:46 +0000] "GET /getCustAllAddress HTTP/1.1" 200 642 "http://localhost:5000/swagger/" "Mozilla/5.0 (X11; Linux x86_64) AppleWebKit/537.36 (KHTML, like Gecko) Chrome/74.0.3729.157 Safari/537.36"
::1 - - [03/Jun/2019:10:06:56 +0000] "GET /getCustAddress HTTP/1.1" 404 1070 "http://localhost:5000/swagger/" "Mozilla/5.0 (X11; Linux x86_64) AppleWebKit/537.36 (KHTML, like Gecko) Chrome/74.0.3729.157 Safari/537.36"
::1 - - [03/Jun/2019:10:08:25 +0000] "GET /getCustProfile HTTP/1.1" 404 36 "http://localhost:5000/swagger/" "Mozilla/5.0 (X11; Linux x86_64) AppleWebKit/537.36 (KHTML, like Gecko) Chrome/74.0.3729.157 Safari/537.36"
::1 - - [03/Jun/2019:10:09:11 +0000] "GET /getCustProfile HTTP/1.1" 404 36 "http://localhost:5000/swagger/" "Mozilla/5.0 (X11; Linux x86_64) AppleWebKit/537.36 (KHTML, like Gecko) Chrome/74.0.3729.157 Safari/537.36"
::1 - - [03/Jun/2019:10:09:59 +0000] "POST /login HTTP/1.1" 200 482 "http://localhost:5000/swagger/" "Mozilla/5.0 (X11; Linux x86_64) AppleWebKit/537.36 (KHTML, like Gecko) Chrome/74.0.3729.157 Safari/537.36"
::1 - - [03/Jun/2019:10:10:18 +0000] "GET /getCustProfile HTTP/1.1" 200 331 "http://localhost:5000/swagger/" "Mozilla/5.0 (X11; Linux x86_64) AppleWebKit/537.36 (KHTML, like Gecko) Chrome/74.0.3729.157 Safari/537.36"
::1 - - [03/Jun/2019:10:11:11 +0000] "GET /getCustAddress HTTP/1.1" 200 642 "http://localhost:5000/swagger/" "Mozilla/5.0 (X11; Linux x86_64) AppleWebKit/537.36 (KHTML, like Gecko) Chrome/74.0.3729.157 Safari/537.36"
::1 - - [03/Jun/2019:10:11:50 +0000] "GET /getCustAddress HTTP/1.1" 403 46 "http://localhost:5000/swagger/" "Mozilla/5.0 (X11; Linux x86_64) AppleWebKit/537.36 (KHTML, like Gecko) Chrome/74.0.3729.157 Safari/537.36"
::1 - - [03/Jun/2019:10:11:55 +0000] "GET /getCustProfile HTTP/1.1" 403 46 "http://localhost:5000/swagger/" "Mozilla/5.0 (X11; Linux x86_64) AppleWebKit/537.36 (KHTML, like Gecko) Chrome/74.0.3729.157 Safari/537.36"
::1 - - [03/Jun/2019:10:12:08 +0000] "POST /login HTTP/1.1" 404 53 "http://localhost:5000/swagger/" "Mozilla/5.0 (X11; Linux x86_64) AppleWebKit/537.36 (KHTML, like Gecko) Chrome/74.0.3729.157 Safari/537.36"
::1 - - [03/Jun/2019:10:12:17 +0000] "POST /login HTTP/1.1" 404 53 "http://localhost:5000/swagger/" "Mozilla/5.0 (X11; Linux x86_64) AppleWebKit/537.36 (KHTML, like Gecko) Chrome/74.0.3729.157 Safari/537.36"
::1 - - [03/Jun/2019:10:12:26 +0000] "POST /login HTTP/1.1" 200 402 "http://localhost:5000/swagger/" "Mozilla/5.0 (X11; Linux x86_64) AppleWebKit/537.36 (KHTML, like Gecko) Chrome/74.0.3729.157 Safari/537.36"
::1 - - [03/Jun/2019:10:12:42 +0000] "GET /getCustProfile HTTP/1.1" 200 258 "http://localhost:5000/swagger/" "Mozilla/5.0 (X11; Linux x86_64) AppleWebKit/537.36 (KHTML, like Gecko) Chrome/74.0.3729.157 Safari/537.36"
::1 - - [03/Jun/2019:10:12:51 +0000] "GET /getCustAddress HTTP/1.1" 200 38 "http://localhost:5000/swagger/" "Mozilla/5.0 (X11; Linux x86_64) AppleWebKit/537.36 (KHTML, like Gecko) Chrome/74.0.3729.157 Safari/537.36"
::1 - - [03/Jun/2019:10:14:54 +0000] "GET /getCustAddress HTTP/1.1" 304 - "http://localhost:5000/swagger/" "Mozilla/5.0 (X11; Linux x86_64) AppleWebKit/537.36 (KHTML, like Gecko) Chrome/74.0.3729.157 Safari/537.36"
::1 - - [03/Jun/2019:10:15:11 +0000] "GET /getCustAddress HTTP/1.1" 304 - "http://localhost:5000/swagger/" "Mozilla/5.0 (X11; Linux x86_64) AppleWebKit/537.36 (KHTML, like Gecko) Chrome/74.0.3729.157 Safari/537.36"
::1 - - [03/Jun/2019:10:15:32 +0000] "GET /getCustAddress HTTP/1.1" 304 - "http://localhost:5000/swagger/" "Mozilla/5.0 (X11; Linux x86_64) AppleWebKit/537.36 (KHTML, like Gecko) Chrome/74.0.3729.157 Safari/537.36"
::1 - - [03/Jun/2019:10:16:27 +0000] "GET /getCustAddress HTTP/1.1" 404 90 "http://localhost:5000/swagger/" "Mozilla/5.0 (X11; Linux x86_64) AppleWebKit/537.36 (KHTML, like Gecko) Chrome/74.0.3729.157 Safari/537.36"
::1 - - [03/Jun/2019:10:17:42 +0000] "POST /login HTTP/1.1" 404 26 "http://localhost:5000/swagger/" "Mozilla/5.0 (X11; Linux x86_64) AppleWebKit/537.36 (KHTML, like Gecko) Chrome/74.0.3729.157 Safari/537.36"
::1 - - [03/Jun/2019:10:17:53 +0000] "POST /login HTTP/1.1" 200 402 "http://localhost:5000/swagger/" "Mozilla/5.0 (X11; Linux x86_64) AppleWebKit/537.36 (KHTML, like Gecko) Chrome/74.0.3729.157 Safari/537.36"
::1 - - [03/Jun/2019:10:18:15 +0000] "GET /getCustProfile HTTP/1.1" 200 258 "http://localhost:5000/swagger/" "Mozilla/5.0 (X11; Linux x86_64) AppleWebKit/537.36 (KHTML, like Gecko) Chrome/74.0.3729.157 Safari/537.36"
::1 - - [03/Jun/2019:10:18:39 +0000] "GET /getAllCustProfile HTTP/1.1" 200 3711 "http://localhost:5000/swagger/" "Mozilla/5.0 (X11; Linux x86_64) AppleWebKit/537.36 (KHTML, like Gecko) Chrome/74.0.3729.157 Safari/537.36"
::1 - - [03/Jun/2019:10:18:47 +0000] "GET /getCustAddress HTTP/1.1" 404 90 "http://localhost:5000/swagger/" "Mozilla/5.0 (X11; Linux x86_64) AppleWebKit/537.36 (KHTML, like Gecko) Chrome/74.0.3729.157 Safari/537.36"
::1 - - [03/Jun/2019:10:19:27 +0000] "GET /getCustProfile HTTP/1.1" 403 9 "http://localhost:5000/swagger/" "Mozilla/5.0 (X11; Linux x86_64) AppleWebKit/537.36 (KHTML, like Gecko) Chrome/74.0.3729.157 Safari/537.36"
::1 - - [03/Jun/2019:10:22:11 +0000] "GET /getCustProfile HTTP/1.1" 403 9 "http://localhost:5000/swagger/" "Mozilla/5.0 (X11; Linux x86_64) AppleWebKit/537.36 (KHTML, like Gecko) Chrome/74.0.3729.157 Safari/537.36"
::1 - - [03/Jun/2019:10:22:15 +0000] "GET /getCustAddress HTTP/1.1" 403 9 "http://localhost:5000/swagger/" "Mozilla/5.0 (X11; Linux x86_64) AppleWebKit/537.36 (KHTML, like Gecko) Chrome/74.0.3729.157 Safari/537.36"
::1 - - [03/Jun/2019:10:23:48 +0000] "GET /getAllColors HTTP/1.1" 304 - "http://localhost:5000/swagger/" "Mozilla/5.0 (X11; Linux x86_64) AppleWebKit/537.36 (KHTML, like Gecko) Chrome/74.0.3729.157 Safari/537.36"
::1 - - [03/Jun/2019:10:32:00 +0000] "GET /getCustProfile HTTP/1.1" 200 258 "http://localhost:5000/swagger/" "Mozilla/5.0 (X11; Linux x86_64) AppleWebKit/537.36 (KHTML, like Gecko) Chrome/74.0.3729.157 Safari/537.36"
::1 - - [03/Jun/2019:10:32:03 +0000] "GET /getCustAddress HTTP/1.1" 404 90 "http://localhost:5000/swagger/" "Mozilla/5.0 (X11; Linux x86_64) AppleWebKit/537.36 (KHTML, like Gecko) Chrome/74.0.3729.157 Safari/537.36"
::1 - - [03/Jun/2019:10:32:16 +0000] "POST /login HTTP/1.1" 200 402 "http://localhost:5000/swagger/" "Mozilla/5.0 (X11; Linux x86_64) AppleWebKit/537.36 (KHTML, like Gecko) Chrome/74.0.3729.157 Safari/537.36"
::1 - - [03/Jun/2019:10:32:22 +0000] "GET /getCustProfile HTTP/1.1" 304 - "http://localhost:5000/swagger/" "Mozilla/5.0 (X11; Linux x86_64) AppleWebKit/537.36 (KHTML, like Gecko) Chrome/74.0.3729.157 Safari/537.36"
::1 - - [03/Jun/2019:10:32:32 +0000] "GET /getCustAddress HTTP/1.1" 404 90 "http://localhost:5000/swagger/" "Mozilla/5.0 (X11; Linux x86_64) AppleWebKit/537.36 (KHTML, like Gecko) Chrome/74.0.3729.157 Safari/537.36"
::1 - - [03/Jun/2019:10:35:09 +0000] "POST /login HTTP/1.1" 200 402 "-" "Mozilla/5.0 (X11; Linux x86_64) AppleWebKit/537.36 (KHTML, like Gecko) Chrome/74.0.3729.157 Safari/537.36"
::1 - - [03/Jun/2019:10:46:38 +0000] "GET /getAllProductsInDescending/%7Bcustomer_id%7D HTTP/1.1" 200 62 "http://localhost:5000/swagger/" "Mozilla/5.0 (X11; Linux x86_64) AppleWebKit/537.36 (KHTML, like Gecko) Chrome/74.0.3729.157 Safari/537.36"
::1 - - [03/Jun/2019:10:47:18 +0000] "GET /getAllProductsInDescending/%7Bcustomer_id%7D HTTP/1.1" 304 - "http://localhost:5000/swagger/" "Mozilla/5.0 (X11; Linux x86_64) AppleWebKit/537.36 (KHTML, like Gecko) Chrome/74.0.3729.157 Safari/537.36"
::1 - - [03/Jun/2019:10:47:40 +0000] "GET /getAllProductsInDescending/%7Bcustomer_id%7D HTTP/1.1" 304 - "http://localhost:5000/swagger/" "Mozilla/5.0 (X11; Linux x86_64) AppleWebKit/537.36 (KHTML, like Gecko) Chrome/74.0.3729.157 Safari/537.36"
::1 - - [03/Jun/2019:10:48:26 +0000] "GET /getAllProductsInDescending/%7Bcustomer_id%7D HTTP/1.1" 304 - "http://localhost:5000/swagger/" "Mozilla/5.0 (X11; Linux x86_64) AppleWebKit/537.36 (KHTML, like Gecko) Chrome/74.0.3729.157 Safari/537.36"
::1 - - [03/Jun/2019:10:48:46 +0000] "GET /getAllProductsInDescending/%7Bcustomer_id%7D HTTP/1.1" 304 - "http://localhost:5000/swagger/" "Mozilla/5.0 (X11; Linux x86_64) AppleWebKit/537.36 (KHTML, like Gecko) Chrome/74.0.3729.157 Safari/537.36"
::1 - - [03/Jun/2019:10:49:24 +0000] "GET /getAllProductsInDescending/%7Bcustomer_id%7D HTTP/1.1" 304 - "http://localhost:5000/swagger/" "Mozilla/5.0 (X11; Linux x86_64) AppleWebKit/537.36 (KHTML, like Gecko) Chrome/74.0.3729.157 Safari/537.36"
::1 - - [03/Jun/2019:10:49:43 +0000] "GET /getAllProductsInDescending/%7Bcustomer_id%7D HTTP/1.1" 304 - "http://localhost:5000/swagger/" "Mozilla/5.0 (X11; Linux x86_64) AppleWebKit/537.36 (KHTML, like Gecko) Chrome/74.0.3729.157 Safari/537.36"
::1 - - [03/Jun/2019:10:50:51 +0000] "GET /getAllProductsInDescending/%7Bcustomer_id%7D HTTP/1.1" 304 - "http://localhost:5000/swagger/" "Mozilla/5.0 (X11; Linux x86_64) AppleWebKit/537.36 (KHTML, like Gecko) Chrome/74.0.3729.157 Safari/537.36"
::1 - - [03/Jun/2019:10:52:20 +0000] "GET /getAllProductsInDescending/21 HTTP/1.1" 200 62 "http://localhost:5000/swagger/" "Mozilla/5.0 (X11; Linux x86_64) AppleWebKit/537.36 (KHTML, like Gecko) Chrome/74.0.3729.157 Safari/537.36"
::1 - - [03/Jun/2019:10:52:28 +0000] "GET /getAllProductsInDescending/22 HTTP/1.1" 200 8453 "http://localhost:5000/swagger/" "Mozilla/5.0 (X11; Linux x86_64) AppleWebKit/537.36 (KHTML, like Gecko) Chrome/74.0.3729.157 Safari/537.36"
::1 - - [03/Jun/2019:10:56:05 +0000] "GET /getAllProductsInDescending/22 HTTP/1.1" 403 46 "http://localhost:5000/swagger/" "Mozilla/5.0 (X11; Linux x86_64) AppleWebKit/537.36 (KHTML, like Gecko) Chrome/74.0.3729.157 Safari/537.36"
::1 - - [03/Jun/2019:10:56:32 +0000] "GET /getAllProductsInDescending/22 HTTP/1.1" 200 8453 "http://localhost:5000/swagger/" "Mozilla/5.0 (X11; Linux x86_64) AppleWebKit/537.36 (KHTML, like Gecko) Chrome/74.0.3729.157 Safari/537.36"
::1 - - [03/Jun/2019:10:56:48 +0000] "GET /getAllProductsInAscending/22 HTTP/1.1" 200 8452 "http://localhost:5000/swagger/" "Mozilla/5.0 (X11; Linux x86_64) AppleWebKit/537.36 (KHTML, like Gecko) Chrome/74.0.3729.157 Safari/537.36"
::1 - - [03/Jun/2019:10:57:06 +0000] "GET /getAllProductsInAscending/21 HTTP/1.1" 200 62 "http://localhost:5000/swagger/" "Mozilla/5.0 (X11; Linux x86_64) AppleWebKit/537.36 (KHTML, like Gecko) Chrome/74.0.3729.157 Safari/537.36"
::1 - - [03/Jun/2019:11:21:44 +0000] "POST /login HTTP/1.1" 404 26 "http://localhost:5000/swagger/" "Mozilla/5.0 (X11; Linux x86_64) AppleWebKit/537.36 (KHTML, like Gecko) Chrome/74.0.3729.157 Safari/537.36"
::1 - - [03/Jun/2019:11:21:56 +0000] "POST /login HTTP/1.1" 200 409 "http://localhost:5000/swagger/" "Mozilla/5.0 (X11; Linux x86_64) AppleWebKit/537.36 (KHTML, like Gecko) Chrome/74.0.3729.157 Safari/537.36"
::1 - - [03/Jun/2019:11:24:38 +0000] "POST /changePassword HTTP/1.1" - - "http://localhost:5000/swagger/" "Mozilla/5.0 (X11; Linux x86_64) AppleWebKit/537.36 (KHTML, like Gecko) Chrome/74.0.3729.157 Safari/537.36"
::1 - - [03/Jun/2019:11:28:01 +0000] "POST /changePassword HTTP/1.1" 404 121 "http://localhost:5000/swagger/" "Mozilla/5.0 (X11; Linux x86_64) AppleWebKit/537.36 (KHTML, like Gecko) Chrome/74.0.3729.157 Safari/537.36"
::1 - - [03/Jun/2019:11:28:09 +0000] "POST /changePassword HTTP/1.1" 404 76 "http://localhost:5000/swagger/" "Mozilla/5.0 (X11; Linux x86_64) AppleWebKit/537.36 (KHTML, like Gecko) Chrome/74.0.3729.157 Safari/537.36"
::1 - - [03/Jun/2019:11:28:15 +0000] "POST /changePassword HTTP/1.1" 200 58 "http://localhost:5000/swagger/" "Mozilla/5.0 (X11; Linux x86_64) AppleWebKit/537.36 (KHTML, like Gecko) Chrome/74.0.3729.157 Safari/537.36"
::1 - - [03/Jun/2019:11:30:56 +0000] "POST /register HTTP/1.1" 200 69 "http://localhost:5000/swagger/" "Mozilla/5.0 (X11; Linux x86_64) AppleWebKit/537.36 (KHTML, like Gecko) Chrome/74.0.3729.157 Safari/537.36"
